<?xml version="1.0" encoding="UTF-8"?>
<!-- Generated by org.testng.reporters.JUnitXMLReporter -->
<testsuite ignored="1" hostname="DESKTOP-A46PPLV" failures="0" tests="3" name="get cover login page test5" time="71.266" errors="0" timestamp="2024-02-21T15:13:08 IST">
  <testcase classname="getcoverTest.LoginPageTest" name="verifyPageTitel" time="0.011"/>
  <testcase classname="getcoverTest.LoginPageTest" name="loginTest" time="0.54"/>
  <testcase classname="getcoverTest.pricebooktest" name="resellertest" time="64.501"/>
  <testcase classname="baseLibrary.BaseClass" name="@BeforeTest getLaunch" time="0.0">
    <ignored/>
  </testcase> <!-- @BeforeTest getLaunch -->
</testsuite> <!-- get cover login page test5 -->
