<?xml version="1.0" encoding="UTF-8"?>
<!-- Generated by org.testng.reporters.JUnitXMLReporter -->
<testsuite ignored="1" hostname="DESKTOP-A46PPLV" failures="0" tests="3" name="get cover login page test4" time="44.328" errors="0" timestamp="2024-02-21T15:11:57 IST">
  <testcase classname="getcoverTest.LoginPageTest" name="verifyPageTitel" time="0.006"/>
  <testcase classname="getcoverTest.LoginPageTest" name="loginTest" time="0.402"/>
  <testcase classname="getcoverTest.pricebooktest" name="resellertest" time="37.856"/>
  <testcase classname="baseLibrary.BaseClass" name="@BeforeTest getLaunch" time="0.0">
    <ignored/>
  </testcase> <!-- @BeforeTest getLaunch -->
</testsuite> <!-- get cover login page test4 -->
