<?xml version="1.0" encoding="UTF-8"?>
<!-- Generated by org.testng.reporters.JUnitXMLReporter -->
<testsuite ignored="1" hostname="DESKTOP-A46PPLV" failures="0" tests="3" name="get cover login page test2" time="35.169" errors="0" timestamp="2024-02-21T15:18:40 IST">
  <testcase classname="getcoverTest.LoginPageTest" name="verifyPageTitel" time="0.011"/>
  <testcase classname="getcoverTest.LoginPageTest" name="loginTest" time="0.436"/>
  <testcase classname="getcoverTest.pricebooktest" name="resellertest" time="27.707"/>
  <testcase classname="baseLibrary.BaseClass" name="@BeforeTest getLaunch" time="0.0">
    <ignored/>
  </testcase> <!-- @BeforeTest getLaunch -->
</testsuite> <!-- get cover login page test2 -->
