<?xml version="1.0" encoding="UTF-8"?>
<!-- Generated by org.testng.reporters.JUnitXMLReporter -->
<testsuite ignored="1" hostname="DESKTOP-A46PPLV" failures="0" tests="3" name="get cover login page test" time="6.958" errors="0" timestamp="2024-07-03T17:56:53 IST">
  <testcase classname="baseLibrary.BaseClass" name="@BeforeTest getLaunch" time="6.874">
    <failure type="java.lang.Error" message="Unresolved compilation problem: 
	Lambda expressions are allowed only at source level 1.8 or above
">
      <![CDATA[java.lang.Error: Unresolved compilation problem: 
Lambda expressions are allowed only at source level 1.8 or above

at baseLibrary.BaseClass.startKeepAwake(BaseClass.java:21)
at baseLibrary.BaseClass.getLaunch(BaseClass.java:43)
... Removed 24 stack frames]]>
    </failure>
  </testcase> <!-- @BeforeTest getLaunch -->
  <testcase classname="getcoverTest.LoginPageTest" name="verifyPageTitel" time="0.0">
    <skipped/>
  </testcase> <!-- verifyPageTitel -->
  <testcase classname="getcoverTest.LoginPageTest" name="loginTest" time="0.0">
    <skipped/>
  </testcase> <!-- loginTest -->
  <testcase classname="getcoverTest.BulkClaimTest" name="bulkClaimTest" time="0.0">
    <skipped/>
  </testcase> <!-- bulkClaimTest -->
  <testcase classname="baseLibrary.BaseClass" name="@BeforeTest getLaunch" time="0.0">
    <ignored/>
  </testcase> <!-- @BeforeTest getLaunch -->
</testsuite> <!-- get cover login page test -->
